Warning: Environment variable SUMO_HOME is not set properly, disabling XML validation. Set 'auto' or 'always' for web lookups.
Step #0.00 (0ms ?*RT. ?UPS, TraCI: 35ms, vehicles TOT 0 ACT 0 BUF 0)                     
Warning: Environment variable SUMO_HOME is not set properly, disabling XML validation. Set 'auto' or 'always' for web lookups.
Warning: Environment variable SUMO_HOME is not set properly, disabling XML validation. Set 'auto' or 'always' for web lookups.
Warning: Environment variable SUMO_HOME is not set properly, disabling XML validation. Set 'auto' or 'always' for web lookups.
Warning: Environment variable SUMO_HOME is not set properly, disabling XML validation. Set 'auto' or 'always' for web lookups.
Warning: Environment variable SUMO_HOME is not set properly, disabling XML validation. Set 'auto' or 'always' for web lookups.
Warning: Environment variable SUMO_HOME is not set properly, disabling XML validation. Set 'auto' or 'always' for web lookups.
Warning: Environment variable SUMO_HOME is not set properly, disabling XML validation. Set 'auto' or 'always' for web lookups.
Step #0.00 (0ms ?*RT. ?UPS, TraCI: 17ms, vehicles TOT 0 ACT 0 BUF 0)                     
Warning: Environment variable SUMO_HOME is not set properly, disabling XML validation. Set 'auto' or 'always' for web lookups.
Warning: Environment variable SUMO_HOME is not set properly, disabling XML validation. Set 'auto' or 'always' for web lookups.
Step #0.00 (0ms ?*RT. ?UPS, TraCI: 18ms, vehicles TOT 0 ACT 0 BUF 0)                     
Warning: Environment variable SUMO_HOME is not set properly, disabling XML validation. Set 'auto' or 'always' for web lookups.
Warning: Environment variable SUMO_HOME is not set properly, disabling XML validation. Set 'auto' or 'always' for web lookups.
Step #0.00 (0ms ?*RT. ?UPS, TraCI: 19ms, vehicles TOT 0 ACT 0 BUF 0)                     
Warning: Environment variable SUMO_HOME is not set properly, disabling XML validation. Set 'auto' or 'always' for web lookups.
Warning: Environment variable SUMO_HOME is not set properly, disabling XML validation. Set 'auto' or 'always' for web lookups.
Step #0.00 (0ms ?*RT. ?UPS, TraCI: 18ms, vehicles TOT 0 ACT 0 BUF 0)                     
Warning: Environment variable SUMO_HOME is not set properly, disabling XML validation. Set 'auto' or 'always' for web lookups.
Warning: Environment variable SUMO_HOME is not set properly, disabling XML validation. Set 'auto' or 'always' for web lookups.
Step #0.00 (0ms ?*RT. ?UPS, TraCI: 18ms, vehicles TOT 0 ACT 0 BUF 0)                     
Warning: Environment variable SUMO_HOME is not set properly, disabling XML validation. Set 'auto' or 'always' for web lookups.
Warning: Environment variable SUMO_HOME is not set properly, disabling XML validation. Set 'auto' or 'always' for web lookups.
Step #0.00 (0ms ?*RT. ?UPS, TraCI: 19ms, vehicles TOT 0 ACT 0 BUF 0)                     
Warning: Environment variable SUMO_HOME is not set properly, disabling XML validation. Set 'auto' or 'always' for web lookups.
Warning: Environment variable SUMO_HOME is not set properly, disabling XML validation. Set 'auto' or 'always' for web lookups.
Step #0.00 (0ms ?*RT. ?UPS, TraCI: 20ms, vehicles TOT 0 ACT 0 BUF 0)                     
Warning: Environment variable SUMO_HOME is not set properly, disabling XML validation. Set 'auto' or 'always' for web lookups.
Warning: Environment variable SUMO_HOME is not set properly, disabling XML validation. Set 'auto' or 'always' for web lookups.
Step #0.00 (0ms ?*RT. ?UPS, TraCI: 15ms, vehicles TOT 0 ACT 0 BUF 0)                     
Warning: Environment variable SUMO_HOME is not set properly, disabling XML validation. Set 'auto' or 'always' for web lookups.
Warning: Environment variable SUMO_HOME is not set properly, disabling XML validation. Set 'auto' or 'always' for web lookups.
Step #0.00 (0ms ?*RT. ?UPS, TraCI: 21ms, vehicles TOT 0 ACT 0 BUF 0)                     
Warning: Environment variable SUMO_HOME is not set properly, disabling XML validation. Set 'auto' or 'always' for web lookups.
Warning: Environment variable SUMO_HOME is not set properly, disabling XML validation. Set 'auto' or 'always' for web lookups.
Step #0.00 (0ms ?*RT. ?UPS, TraCI: 18ms, vehicles TOT 0 ACT 0 BUF 0)                     
Warning: Environment variable SUMO_HOME is not set properly, disabling XML validation. Set 'auto' or 'always' for web lookups.
Warning: Environment variable SUMO_HOME is not set properly, disabling XML validation. Set 'auto' or 'always' for web lookups.
Step #0.00 (0ms ?*RT. ?UPS, TraCI: 15ms, vehicles TOT 0 ACT 0 BUF 0)                     
Warning: Environment variable SUMO_HOME is not set properly, disabling XML validation. Set 'auto' or 'always' for web lookups.
Warning: Environment variable SUMO_HOME is not set properly, disabling XML validation. Set 'auto' or 'always' for web lookups.
Step #0.00 (0ms ?*RT. ?UPS, TraCI: 20ms, vehicles TOT 0 ACT 0 BUF 0)                     
Warning: Environment variable SUMO_HOME is not set properly, disabling XML validation. Set 'auto' or 'always' for web lookups.
Warning: Environment variable SUMO_HOME is not set properly, disabling XML validation. Set 'auto' or 'always' for web lookups.
Step #0.00 (0ms ?*RT. ?UPS, TraCI: 23ms, vehicles TOT 0 ACT 0 BUF 0)                     
Warning: Environment variable SUMO_HOME is not set properly, disabling XML validation. Set 'auto' or 'always' for web lookups.
Warning: Environment variable SUMO_HOME is not set properly, disabling XML validation. Set 'auto' or 'always' for web lookups.
Step #0.00 (0ms ?*RT. ?UPS, TraCI: 22ms, vehicles TOT 0 ACT 0 BUF 0)                     
Warning: Environment variable SUMO_HOME is not set properly, disabling XML validation. Set 'auto' or 'always' for web lookups.
Warning: Environment variable SUMO_HOME is not set properly, disabling XML validation. Set 'auto' or 'always' for web lookups.
Step #0.00 (0ms ?*RT. ?UPS, TraCI: 19ms, vehicles TOT 0 ACT 0 BUF 0)                     
Warning: Environment variable SUMO_HOME is not set properly, disabling XML validation. Set 'auto' or 'always' for web lookups.
Warning: Environment variable SUMO_HOME is not set properly, disabling XML validation. Set 'auto' or 'always' for web lookups.
Step #0.00 (0ms ?*RT. ?UPS, TraCI: 19ms, vehicles TOT 0 ACT 0 BUF 0)                     
Warning: Environment variable SUMO_HOME is not set properly, disabling XML validation. Set 'auto' or 'always' for web lookups.
Warning: Environment variable SUMO_HOME is not set properly, disabling XML validation. Set 'auto' or 'always' for web lookups.
Step #0.00 (0ms ?*RT. ?UPS, TraCI: 19ms, vehicles TOT 0 ACT 0 BUF 0)                     
Warning: Environment variable SUMO_HOME is not set properly, disabling XML validation. Set 'auto' or 'always' for web lookups.
Warning: Environment variable SUMO_HOME is not set properly, disabling XML validation. Set 'auto' or 'always' for web lookups.
Step #0.00 (0ms ?*RT. ?UPS, TraCI: 21ms, vehicles TOT 0 ACT 0 BUF 0)                     
Warning: Environment variable SUMO_HOME is not set properly, disabling XML validation. Set 'auto' or 'always' for web lookups.
Warning: Environment variable SUMO_HOME is not set properly, disabling XML validation. Set 'auto' or 'always' for web lookups.
Step #0.00 (0ms ?*RT. ?UPS, TraCI: 20ms, vehicles TOT 0 ACT 0 BUF 0)                     
Warning: Environment variable SUMO_HOME is not set properly, disabling XML validation. Set 'auto' or 'always' for web lookups.
Warning: Environment variable SUMO_HOME is not set properly, disabling XML validation. Set 'auto' or 'always' for web lookups.
Step #0.00 (0ms ?*RT. ?UPS, TraCI: 20ms, vehicles TOT 0 ACT 0 BUF 0)                     
Warning: Environment variable SUMO_HOME is not set properly, disabling XML validation. Set 'auto' or 'always' for web lookups.
Warning: Environment variable SUMO_HOME is not set properly, disabling XML validation. Set 'auto' or 'always' for web lookups.
Step #0.00 (0ms ?*RT. ?UPS, TraCI: 21ms, vehicles TOT 0 ACT 0 BUF 0)                     
Warning: Environment variable SUMO_HOME is not set properly, disabling XML validation. Set 'auto' or 'always' for web lookups.
Warning: Environment variable SUMO_HOME is not set properly, disabling XML validation. Set 'auto' or 'always' for web lookups.
Step #0.00 (0ms ?*RT. ?UPS, TraCI: 17ms, vehicles TOT 0 ACT 0 BUF 0)                     
Warning: Environment variable SUMO_HOME is not set properly, disabling XML validation. Set 'auto' or 'always' for web lookups.
Warning: Environment variable SUMO_HOME is not set properly, disabling XML validation. Set 'auto' or 'always' for web lookups.
Step #0.00 (0ms ?*RT. ?UPS, TraCI: 19ms, vehicles TOT 0 ACT 0 BUF 0)                     
Warning: Environment variable SUMO_HOME is not set properly, disabling XML validation. Set 'auto' or 'always' for web lookups.
Warning: Environment variable SUMO_HOME is not set properly, disabling XML validation. Set 'auto' or 'always' for web lookups.
Step #0.00 (0ms ?*RT. ?UPS, TraCI: 19ms, vehicles TOT 0 ACT 0 BUF 0)                     
Warning: Environment variable SUMO_HOME is not set properly, disabling XML validation. Set 'auto' or 'always' for web lookups.
Warning: Environment variable SUMO_HOME is not set properly, disabling XML validation. Set 'auto' or 'always' for web lookups.
Step #0.00 (0ms ?*RT. ?UPS, TraCI: 15ms, vehicles TOT 0 ACT 0 BUF 0)                     
Warning: Environment variable SUMO_HOME is not set properly, disabling XML validation. Set 'auto' or 'always' for web lookups.
Warning: Environment variable SUMO_HOME is not set properly, disabling XML validation. Set 'auto' or 'always' for web lookups.
Step #0.00 (0ms ?*RT. ?UPS, TraCI: 20ms, vehicles TOT 0 ACT 0 BUF 0)                     
Warning: Environment variable SUMO_HOME is not set properly, disabling XML validation. Set 'auto' or 'always' for web lookups.
Warning: Environment variable SUMO_HOME is not set properly, disabling XML validation. Set 'auto' or 'always' for web lookups.
Step #0.00 (0ms ?*RT. ?UPS, TraCI: 19ms, vehicles TOT 0 ACT 0 BUF 0)                     
Warning: Environment variable SUMO_HOME is not set properly, disabling XML validation. Set 'auto' or 'always' for web lookups.
Warning: Environment variable SUMO_HOME is not set properly, disabling XML validation. Set 'auto' or 'always' for web lookups.
Step #0.00 (0ms ?*RT. ?UPS, TraCI: 20ms, vehicles TOT 0 ACT 0 BUF 0)                     
Warning: Environment variable SUMO_HOME is not set properly, disabling XML validation. Set 'auto' or 'always' for web lookups.
Warning: Environment variable SUMO_HOME is not set properly, disabling XML validation. Set 'auto' or 'always' for web lookups.
Step #0.00 (0ms ?*RT. ?UPS, TraCI: 18ms, vehicles TOT 0 ACT 0 BUF 0)                     
Warning: Environment variable SUMO_HOME is not set properly, disabling XML validation. Set 'auto' or 'always' for web lookups.
Warning: Environment variable SUMO_HOME is not set properly, disabling XML validation. Set 'auto' or 'always' for web lookups.
Step #0.00 (0ms ?*RT. ?UPS, TraCI: 12ms, vehicles TOT 0 ACT 0 BUF 0)                     
Warning: Environment variable SUMO_HOME is not set properly, disabling XML validation. Set 'auto' or 'always' for web lookups.
True noise
attack state: attacked
 Retrying in 1 seconds
 Retrying in 1 seconds
 Retrying in 1 seconds
Episode: 1, Total Reward: -29.82947010547804
 Retrying in 1 seconds
Episode: 2, Total Reward: -12.78655063335848
 Retrying in 1 seconds
Episode: 3, Total Reward: -12.456020570261979
 Retrying in 1 seconds
Episode: 4, Total Reward: -12.137181985310857
 Retrying in 1 seconds
Episode: 5, Total Reward: -15.193993263978587
alpha 0 run 0
 Retrying in 1 seconds
 Retrying in 1 seconds
alpha 0 run 1
 Retrying in 1 seconds
 Retrying in 1 seconds
alpha 0 run 2
 Retrying in 1 seconds
 Retrying in 1 seconds
alpha 0 run 3
 Retrying in 1 seconds
 Retrying in 1 seconds
alpha 0 run 4
 Retrying in 1 seconds
 Retrying in 1 seconds
alpha 1 run 0
 Retrying in 1 seconds
 Retrying in 1 seconds
alpha 1 run 1
 Retrying in 1 seconds
 Retrying in 1 seconds
alpha 1 run 2
 Retrying in 1 seconds
 Retrying in 1 seconds
alpha 1 run 3
 Retrying in 1 seconds
 Retrying in 1 seconds
alpha 1 run 4
 Retrying in 1 seconds
 Retrying in 1 seconds
alpha 2 run 0
 Retrying in 1 seconds
 Retrying in 1 seconds
alpha 2 run 1
 Retrying in 1 seconds
 Retrying in 1 seconds
alpha 2 run 2
 Retrying in 1 seconds
 Retrying in 1 seconds
alpha 2 run 3
 Retrying in 1 seconds
 Retrying in 1 seconds
alpha 2 run 4
 Retrying in 1 seconds
 Retrying in 1 seconds
alpha 3 run 0
 Retrying in 1 seconds
 Retrying in 1 seconds
alpha 3 run 1
 Retrying in 1 seconds
 Retrying in 1 seconds
alpha 3 run 2
 Retrying in 1 seconds
 Retrying in 1 seconds
alpha 3 run 3
 Retrying in 1 seconds
 Retrying in 1 seconds
alpha 3 run 4
 Retrying in 1 seconds
 Retrying in 1 seconds
alpha 4 run 0
 Retrying in 1 seconds
 Retrying in 1 seconds
alpha 4 run 1
 Retrying in 1 seconds
 Retrying in 1 seconds
alpha 4 run 2
 Retrying in 1 seconds
 Retrying in 1 seconds
alpha 4 run 3
 Retrying in 1 seconds
 Retrying in 1 seconds
alpha 4 run 4
 Retrying in 1 seconds
 Retrying in 1 seconds
alpha 5 run 0
 Retrying in 1 seconds
 Retrying in 1 seconds
alpha 5 run 1
 Retrying in 1 seconds
 Retrying in 1 seconds
alpha 5 run 2
 Retrying in 1 seconds
 Retrying in 1 seconds
alpha 5 run 3
 Retrying in 1 seconds
 Retrying in 1 seconds
alpha 5 run 4
 Retrying in 1 seconds
 Retrying in 1 seconds
Error: tcpip::Socket::recvAndCheck @ recv: peer shutdown
Quitting (on error).
