Warning: Environment variable SUMO_HOME is not set properly, disabling XML validation. Set 'auto' or 'always' for web lookups.
Step #0.00 (0ms ?*RT. ?UPS, TraCI: 32ms, vehicles TOT 0 ACT 0 BUF 0)                     
Warning: Environment variable SUMO_HOME is not set properly, disabling XML validation. Set 'auto' or 'always' for web lookups.
Warning: Environment variable SUMO_HOME is not set properly, disabling XML validation. Set 'auto' or 'always' for web lookups.
Warning: Environment variable SUMO_HOME is not set properly, disabling XML validation. Set 'auto' or 'always' for web lookups.
Warning: Environment variable SUMO_HOME is not set properly, disabling XML validation. Set 'auto' or 'always' for web lookups.
Warning: Environment variable SUMO_HOME is not set properly, disabling XML validation. Set 'auto' or 'always' for web lookups.
Warning: Environment variable SUMO_HOME is not set properly, disabling XML validation. Set 'auto' or 'always' for web lookups.
Warning: Environment variable SUMO_HOME is not set properly, disabling XML validation. Set 'auto' or 'always' for web lookups.
Step #0.00 (0ms ?*RT. ?UPS, TraCI: 19ms, vehicles TOT 0 ACT 0 BUF 0)                     
Warning: Environment variable SUMO_HOME is not set properly, disabling XML validation. Set 'auto' or 'always' for web lookups.
Warning: Environment variable SUMO_HOME is not set properly, disabling XML validation. Set 'auto' or 'always' for web lookups.
Step #0.00 (0ms ?*RT. ?UPS, TraCI: 20ms, vehicles TOT 0 ACT 0 BUF 0)                     
Warning: Environment variable SUMO_HOME is not set properly, disabling XML validation. Set 'auto' or 'always' for web lookups.
Warning: Environment variable SUMO_HOME is not set properly, disabling XML validation. Set 'auto' or 'always' for web lookups.
Step #0.00 (0ms ?*RT. ?UPS, TraCI: 17ms, vehicles TOT 0 ACT 0 BUF 0)                     
Warning: Environment variable SUMO_HOME is not set properly, disabling XML validation. Set 'auto' or 'always' for web lookups.
Warning: Environment variable SUMO_HOME is not set properly, disabling XML validation. Set 'auto' or 'always' for web lookups.
Step #0.00 (0ms ?*RT. ?UPS, TraCI: 20ms, vehicles TOT 0 ACT 0 BUF 0)                     
Warning: Environment variable SUMO_HOME is not set properly, disabling XML validation. Set 'auto' or 'always' for web lookups.
Warning: Environment variable SUMO_HOME is not set properly, disabling XML validation. Set 'auto' or 'always' for web lookups.
Step #0.00 (0ms ?*RT. ?UPS, TraCI: 13ms, vehicles TOT 0 ACT 0 BUF 0)                     
Warning: Environment variable SUMO_HOME is not set properly, disabling XML validation. Set 'auto' or 'always' for web lookups.
Warning: Environment variable SUMO_HOME is not set properly, disabling XML validation. Set 'auto' or 'always' for web lookups.
Step #0.00 (0ms ?*RT. ?UPS, TraCI: 19ms, vehicles TOT 0 ACT 0 BUF 0)                     
Warning: Environment variable SUMO_HOME is not set properly, disabling XML validation. Set 'auto' or 'always' for web lookups.
Warning: Environment variable SUMO_HOME is not set properly, disabling XML validation. Set 'auto' or 'always' for web lookups.
Step #0.00 (0ms ?*RT. ?UPS, TraCI: 22ms, vehicles TOT 0 ACT 0 BUF 0)                     
Warning: Environment variable SUMO_HOME is not set properly, disabling XML validation. Set 'auto' or 'always' for web lookups.
Warning: Environment variable SUMO_HOME is not set properly, disabling XML validation. Set 'auto' or 'always' for web lookups.
Step #0.00 (0ms ?*RT. ?UPS, TraCI: 24ms, vehicles TOT 0 ACT 0 BUF 0)                     
Warning: Environment variable SUMO_HOME is not set properly, disabling XML validation. Set 'auto' or 'always' for web lookups.
Warning: Environment variable SUMO_HOME is not set properly, disabling XML validation. Set 'auto' or 'always' for web lookups.
Step #0.00 (0ms ?*RT. ?UPS, TraCI: 20ms, vehicles TOT 0 ACT 0 BUF 0)                     
Warning: Environment variable SUMO_HOME is not set properly, disabling XML validation. Set 'auto' or 'always' for web lookups.
Warning: Environment variable SUMO_HOME is not set properly, disabling XML validation. Set 'auto' or 'always' for web lookups.
Step #0.00 (0ms ?*RT. ?UPS, TraCI: 20ms, vehicles TOT 0 ACT 0 BUF 0)                     
Warning: Environment variable SUMO_HOME is not set properly, disabling XML validation. Set 'auto' or 'always' for web lookups.
Warning: Environment variable SUMO_HOME is not set properly, disabling XML validation. Set 'auto' or 'always' for web lookups.
Step #0.00 (0ms ?*RT. ?UPS, TraCI: 22ms, vehicles TOT 0 ACT 0 BUF 0)                     
Warning: Environment variable SUMO_HOME is not set properly, disabling XML validation. Set 'auto' or 'always' for web lookups.
Warning: Environment variable SUMO_HOME is not set properly, disabling XML validation. Set 'auto' or 'always' for web lookups.
Step #0.00 (0ms ?*RT. ?UPS, TraCI: 19ms, vehicles TOT 0 ACT 0 BUF 0)                     
Warning: Environment variable SUMO_HOME is not set properly, disabling XML validation. Set 'auto' or 'always' for web lookups.
Warning: Environment variable SUMO_HOME is not set properly, disabling XML validation. Set 'auto' or 'always' for web lookups.
Step #0.00 (0ms ?*RT. ?UPS, TraCI: 19ms, vehicles TOT 0 ACT 0 BUF 0)                     
Warning: Environment variable SUMO_HOME is not set properly, disabling XML validation. Set 'auto' or 'always' for web lookups.
Warning: Environment variable SUMO_HOME is not set properly, disabling XML validation. Set 'auto' or 'always' for web lookups.
Step #0.00 (0ms ?*RT. ?UPS, TraCI: 20ms, vehicles TOT 0 ACT 0 BUF 0)                     
Warning: Environment variable SUMO_HOME is not set properly, disabling XML validation. Set 'auto' or 'always' for web lookups.
Warning: Environment variable SUMO_HOME is not set properly, disabling XML validation. Set 'auto' or 'always' for web lookups.
Step #0.00 (0ms ?*RT. ?UPS, TraCI: 22ms, vehicles TOT 0 ACT 0 BUF 0)                     
Warning: Environment variable SUMO_HOME is not set properly, disabling XML validation. Set 'auto' or 'always' for web lookups.
Warning: Environment variable SUMO_HOME is not set properly, disabling XML validation. Set 'auto' or 'always' for web lookups.
Step #0.00 (0ms ?*RT. ?UPS, TraCI: 21ms, vehicles TOT 0 ACT 0 BUF 0)                     
Warning: Environment variable SUMO_HOME is not set properly, disabling XML validation. Set 'auto' or 'always' for web lookups.
Warning: Environment variable SUMO_HOME is not set properly, disabling XML validation. Set 'auto' or 'always' for web lookups.
Step #0.00 (0ms ?*RT. ?UPS, TraCI: 21ms, vehicles TOT 0 ACT 0 BUF 0)                     
Warning: Environment variable SUMO_HOME is not set properly, disabling XML validation. Set 'auto' or 'always' for web lookups.
Warning: Environment variable SUMO_HOME is not set properly, disabling XML validation. Set 'auto' or 'always' for web lookups.
Step #0.00 (0ms ?*RT. ?UPS, TraCI: 20ms, vehicles TOT 0 ACT 0 BUF 0)                     
Warning: Environment variable SUMO_HOME is not set properly, disabling XML validation. Set 'auto' or 'always' for web lookups.
Warning: Environment variable SUMO_HOME is not set properly, disabling XML validation. Set 'auto' or 'always' for web lookups.
Step #0.00 (0ms ?*RT. ?UPS, TraCI: 20ms, vehicles TOT 0 ACT 0 BUF 0)                     
Warning: Environment variable SUMO_HOME is not set properly, disabling XML validation. Set 'auto' or 'always' for web lookups.
Warning: Environment variable SUMO_HOME is not set properly, disabling XML validation. Set 'auto' or 'always' for web lookups.
Step #0.00 (0ms ?*RT. ?UPS, TraCI: 20ms, vehicles TOT 0 ACT 0 BUF 0)                     
Warning: Environment variable SUMO_HOME is not set properly, disabling XML validation. Set 'auto' or 'always' for web lookups.
Warning: Environment variable SUMO_HOME is not set properly, disabling XML validation. Set 'auto' or 'always' for web lookups.
Step #0.00 (0ms ?*RT. ?UPS, TraCI: 18ms, vehicles TOT 0 ACT 0 BUF 0)                     
Warning: Environment variable SUMO_HOME is not set properly, disabling XML validation. Set 'auto' or 'always' for web lookups.
Warning: Environment variable SUMO_HOME is not set properly, disabling XML validation. Set 'auto' or 'always' for web lookups.
Step #0.00 (0ms ?*RT. ?UPS, TraCI: 22ms, vehicles TOT 0 ACT 0 BUF 0)                     
Warning: Environment variable SUMO_HOME is not set properly, disabling XML validation. Set 'auto' or 'always' for web lookups.
Warning: Environment variable SUMO_HOME is not set properly, disabling XML validation. Set 'auto' or 'always' for web lookups.
Step #0.00 (0ms ?*RT. ?UPS, TraCI: 18ms, vehicles TOT 0 ACT 0 BUF 0)                     
Warning: Environment variable SUMO_HOME is not set properly, disabling XML validation. Set 'auto' or 'always' for web lookups.
Warning: Environment variable SUMO_HOME is not set properly, disabling XML validation. Set 'auto' or 'always' for web lookups.
Step #0.00 (0ms ?*RT. ?UPS, TraCI: 20ms, vehicles TOT 0 ACT 0 BUF 0)                     
Warning: Environment variable SUMO_HOME is not set properly, disabling XML validation. Set 'auto' or 'always' for web lookups.
Warning: Environment variable SUMO_HOME is not set properly, disabling XML validation. Set 'auto' or 'always' for web lookups.
Step #0.00 (0ms ?*RT. ?UPS, TraCI: 19ms, vehicles TOT 0 ACT 0 BUF 0)                     
Warning: Environment variable SUMO_HOME is not set properly, disabling XML validation. Set 'auto' or 'always' for web lookups.
Warning: Environment variable SUMO_HOME is not set properly, disabling XML validation. Set 'auto' or 'always' for web lookups.
Step #0.00 (0ms ?*RT. ?UPS, TraCI: 21ms, vehicles TOT 0 ACT 0 BUF 0)                     
Warning: Environment variable SUMO_HOME is not set properly, disabling XML validation. Set 'auto' or 'always' for web lookups.
Warning: Environment variable SUMO_HOME is not set properly, disabling XML validation. Set 'auto' or 'always' for web lookups.
Step #0.00 (0ms ?*RT. ?UPS, TraCI: 20ms, vehicles TOT 0 ACT 0 BUF 0)                     
Warning: Environment variable SUMO_HOME is not set properly, disabling XML validation. Set 'auto' or 'always' for web lookups.
Warning: Environment variable SUMO_HOME is not set properly, disabling XML validation. Set 'auto' or 'always' for web lookups.
Step #0.00 (0ms ?*RT. ?UPS, TraCI: 14ms, vehicles TOT 0 ACT 0 BUF 0)                     
Warning: Environment variable SUMO_HOME is not set properly, disabling XML validation. Set 'auto' or 'always' for web lookups.
Warning: Environment variable SUMO_HOME is not set properly, disabling XML validation. Set 'auto' or 'always' for web lookups.
Step #0.00 (0ms ?*RT. ?UPS, TraCI: 9ms, vehicles TOT 0 ACT 0 BUF 0)                      
Warning: Environment variable SUMO_HOME is not set properly, disabling XML validation. Set 'auto' or 'always' for web lookups.
Warning: Environment variable SUMO_HOME is not set properly, disabling XML validation. Set 'auto' or 'always' for web lookups.
Step #0.00 (0ms ?*RT. ?UPS, TraCI: 6ms, vehicles TOT 0 ACT 0 BUF 0)                      
Warning: Environment variable SUMO_HOME is not set properly, disabling XML validation. Set 'auto' or 'always' for web lookups.
True noise
attack state: attacked
 Retrying in 1 seconds
 Retrying in 1 seconds
 Retrying in 1 seconds
Episode: 1, Total Reward: -22.291303038749973
 Retrying in 1 seconds
Episode: 2, Total Reward: -16.1825830481152
 Retrying in 1 seconds
Episode: 3, Total Reward: -27.209839361369305
 Retrying in 1 seconds
Episode: 4, Total Reward: -12.17199274420714
 Retrying in 1 seconds
Episode: 5, Total Reward: -10.76477193708567
alpha 0 run 0
 Retrying in 1 seconds
 Retrying in 1 seconds
alpha 0 run 1
 Retrying in 1 seconds
 Retrying in 1 seconds
alpha 0 run 2
 Retrying in 1 seconds
 Retrying in 1 seconds
alpha 0 run 3
 Retrying in 1 seconds
 Retrying in 1 seconds
alpha 0 run 4
 Retrying in 1 seconds
 Retrying in 1 seconds
alpha 1 run 0
 Retrying in 1 seconds
 Retrying in 1 seconds
alpha 1 run 1
 Retrying in 1 seconds
 Retrying in 1 seconds
alpha 1 run 2
 Retrying in 1 seconds
 Retrying in 1 seconds
alpha 1 run 3
 Retrying in 1 seconds
 Retrying in 1 seconds
alpha 1 run 4
 Retrying in 1 seconds
 Retrying in 1 seconds
alpha 2 run 0
 Retrying in 1 seconds
 Retrying in 1 seconds
alpha 2 run 1
 Retrying in 1 seconds
 Retrying in 1 seconds
alpha 2 run 2
 Retrying in 1 seconds
 Retrying in 1 seconds
alpha 2 run 3
 Retrying in 1 seconds
 Retrying in 1 seconds
alpha 2 run 4
 Retrying in 1 seconds
 Retrying in 1 seconds
alpha 3 run 0
 Retrying in 1 seconds
 Retrying in 1 seconds
alpha 3 run 1
 Retrying in 1 seconds
 Retrying in 1 seconds
alpha 3 run 2
 Retrying in 1 seconds
 Retrying in 1 seconds
alpha 3 run 3
 Retrying in 1 seconds
 Retrying in 1 seconds
alpha 3 run 4
 Retrying in 1 seconds
 Retrying in 1 seconds
alpha 4 run 0
 Retrying in 1 seconds
 Retrying in 1 seconds
alpha 4 run 1
 Retrying in 1 seconds
 Retrying in 1 seconds
alpha 4 run 2
 Retrying in 1 seconds
 Retrying in 1 seconds
alpha 4 run 3
 Retrying in 1 seconds
 Retrying in 1 seconds
alpha 4 run 4
 Retrying in 1 seconds
 Retrying in 1 seconds
alpha 5 run 0
 Retrying in 1 seconds
 Retrying in 1 seconds
alpha 5 run 1
 Retrying in 1 seconds
 Retrying in 1 seconds
alpha 5 run 2
 Retrying in 1 seconds
 Retrying in 1 seconds
alpha 5 run 3
 Retrying in 1 seconds
 Retrying in 1 seconds
alpha 5 run 4
 Retrying in 1 seconds
 Retrying in 1 seconds
Error: tcpip::Socket::recvAndCheck @ recv: peer shutdown
Quitting (on error).
